#
# There is insufficient memory for the Java Runtime Environment to continue.
# Native memory allocation (malloc) failed to allocate 525936 bytes. Error detail: Chunk::new
# Possible reasons:
#   The system is out of physical RAM or swap space
#   This process is running with CompressedOops enabled, and the Java Heap may be blocking the growth of the native heap
# Possible solutions:
#   Reduce memory load on the system
#   Increase physical memory or swap space
#   Check if swap backing store is full
#   Decrease Java heap size (-Xmx/-Xms)
#   Decrease number of Java threads
#   Decrease Java thread stack sizes (-Xss)
#   Set larger code cache with -XX:ReservedCodeCacheSize=
#   JVM is running with Zero Based Compressed Oops mode in which the Java heap is
#     placed in the first 32GB address space. The Java Heap base address is the
#     maximum limit for the native heap growth. Please use -XX:HeapBaseMinAddress
#     to set the Java Heap base and to place the Java Heap above 32GB virtual address.
# This output file may be truncated or incomplete.
#
#  Out of Memory Error (arena.cpp:168), pid=15540, tid=11404
#
# JRE version: OpenJDK Runtime Environment JBR-21.0.6+8-631.39-jcef (21.0.6+8) (build 21.0.6+8-b631.39)
# Java VM: OpenJDK 64-Bit Server VM JBR-21.0.6+8-631.39-jcef (21.0.6+8-b631.39, mixed mode, sharing, tiered, compressed oops, compressed class ptrs, g1 gc, windows-amd64)
# No core dump will be written. Minidumps are not enabled by default on client versions of Windows
#

---------------  S U M M A R Y ------------

Command Line: git4idea.http.GitAskPassApp Username for 'http://172.16.143.240': 

Host: 12th Gen Intel(R) Core(TM) i3-12100T, 8 cores, 15G,  Windows 10 , 64 bit Build 19041 (10.0.19041.5438)
Time: Wed Mar 19 12:39:43 2025 Paris, Madrid elapsed time: 0.420331 seconds (0d 0h 0m 0s)

---------------  T H R E A D  ---------------

Current thread (0x00000184d8555bc0):  JavaThread "C2 CompilerThread0" daemon [_thread_in_native, id=11404, stack(0x0000004561d00000,0x0000004561e00000) (1024K)]


Current CompileTask:
C2:420 1031       4       sun.security.ec.ECOperations::setDouble (463 bytes)

Stack: [0x0000004561d00000,0x0000004561e00000]
Native frames: (J=compiled Java code, j=interpreted, Vv=VM code, C=native code)
V  [jvm.dll+0x6e5d39]
V  [jvm.dll+0x8c4133]
V  [jvm.dll+0x8c668e]
V  [jvm.dll+0x8c6d73]
V  [jvm.dll+0x288f76]
V  [jvm.dll+0xc66dd]
V  [jvm.dll+0xc6c13]
V  [jvm.dll+0x2feb80]
V  [jvm.dll+0x60c8b9]
V  [jvm.dll+0x2598d2]
V  [jvm.dll+0x25217a]
V  [jvm.dll+0x24fc8e]
V  [jvm.dll+0x1cd6c4]
V  [jvm.dll+0x25f60c]
V  [jvm.dll+0x25db56]
V  [jvm.dll+0x3ff756]
V  [jvm.dll+0x86bd48]
V  [jvm.dll+0x6e453d]
C  [ucrtbase.dll+0x21bb2]
C  [KERNEL32.DLL+0x17374]
C  [ntdll.dll+0x4cc91]


---------------  P R O C E S S  ---------------

Threads class SMR info:
_java_thread_list=0x000001851e0e0b80, length=14, elements={
0x00000184bd9735a0, 0x00000184d8526910, 0x00000184d8527720, 0x00000184d852b2d0,
0x00000184d854e0c0, 0x00000184d854f2b0, 0x00000184d8550720, 0x00000184d8555bc0,
0x00000184d86980e0, 0x00000184d87de6d0, 0x00000184d87e0120, 0x000001851e094640,
0x000001851e20b360, 0x000001851e2a46d0
}

Java Threads: ( => current thread )
  0x00000184bd9735a0 JavaThread "main"                              [_thread_blocked, id=17164, stack(0x0000004560f00000,0x0000004561000000) (1024K)]
  0x00000184d8526910 JavaThread "Reference Handler"          daemon [_thread_blocked, id=9184, stack(0x0000004561700000,0x0000004561800000) (1024K)]
  0x00000184d8527720 JavaThread "Finalizer"                  daemon [_thread_blocked, id=6912, stack(0x0000004561800000,0x0000004561900000) (1024K)]
  0x00000184d852b2d0 JavaThread "Signal Dispatcher"          daemon [_thread_blocked, id=7072, stack(0x0000004561900000,0x0000004561a00000) (1024K)]
  0x00000184d854e0c0 JavaThread "Attach Listener"            daemon [_thread_blocked, id=15240, stack(0x0000004561a00000,0x0000004561b00000) (1024K)]
  0x00000184d854f2b0 JavaThread "Service Thread"             daemon [_thread_blocked, id=7424, stack(0x0000004561b00000,0x0000004561c00000) (1024K)]
  0x00000184d8550720 JavaThread "Monitor Deflation Thread"   daemon [_thread_blocked, id=12400, stack(0x0000004561c00000,0x0000004561d00000) (1024K)]
=>0x00000184d8555bc0 JavaThread "C2 CompilerThread0"         daemon [_thread_in_native, id=11404, stack(0x0000004561d00000,0x0000004561e00000) (1024K)]
  0x00000184d86980e0 JavaThread "C1 CompilerThread0"         daemon [_thread_blocked, id=18384, stack(0x0000004561e00000,0x0000004561f00000) (1024K)]
  0x00000184d87de6d0 JavaThread "Notification Thread"        daemon [_thread_blocked, id=11668, stack(0x0000004561f00000,0x0000004562000000) (1024K)]
  0x00000184d87e0120 JavaThread "Common-Cleaner"             daemon [_thread_blocked, id=2200, stack(0x0000004562000000,0x0000004562100000) (1024K)]
  0x000001851e094640 JavaThread "HttpClient-1-SelectorManager" daemon [_thread_in_native, id=7832, stack(0x0000004562100000,0x0000004562200000) (1024K)]
  0x000001851e20b360 JavaThread "HttpClient-1-Worker-0"      daemon [_thread_blocked, id=15292, stack(0x0000004562300000,0x0000004562400000) (1024K)]
  0x000001851e2a46d0 JavaThread "HttpClient-1-Worker-1"      daemon [_thread_blocked, id=17088, stack(0x0000004562400000,0x0000004562500000) (1024K)]
Total: 14

Other Threads:
  0x00000184d8508830 VMThread "VM Thread"                           [id=14552, stack(0x0000004561600000,0x0000004561700000) (1024K)]
  0x00000184d84f5bb0 WatcherThread "VM Periodic Task Thread"        [id=6324, stack(0x0000004561500000,0x0000004561600000) (1024K)]
  0x00000184bd9d4b30 WorkerThread "GC Thread#0"                     [id=13676, stack(0x0000004561000000,0x0000004561100000) (1024K)]
  0x00000184bd9e5790 ConcurrentGCThread "G1 Main Marker"            [id=4164, stack(0x0000004561100000,0x0000004561200000) (1024K)]
  0x00000184bd9e6a30 WorkerThread "G1 Conc#0"                       [id=18628, stack(0x0000004561200000,0x0000004561300000) (1024K)]
  0x00000184d83c8620 ConcurrentGCThread "G1 Refine#0"               [id=19208, stack(0x0000004561300000,0x0000004561400000) (1024K)]
  0x00000184d83c9190 ConcurrentGCThread "G1 Service"                [id=6280, stack(0x0000004561400000,0x0000004561500000) (1024K)]
Total: 7

Threads with active compile tasks:
C2 CompilerThread0  439 1031       4       sun.security.ec.ECOperations::setDouble (463 bytes)
Total: 1

VM state: not at safepoint (normal execution)

VM Mutex/Monitor currently owned by a thread: None

Heap address: 0x0000000705200000, size: 4014 MB, Compressed Oops mode: Zero based, Oop shift amount: 3

CDS archive(s) mapped at: [0x00000184d9000000-0x00000184d9d00000-0x00000184d9d00000), size 13631488, SharedBaseAddress: 0x00000184d9000000, ArchiveRelocationMode: 1.
Compressed class space mapped at: 0x00000184da000000-0x000001851a000000, reserved size: 1073741824
Narrow klass base: 0x00000184d9000000, Narrow klass shift: 0, Narrow klass range: 0x100000000

GC Precious Log:
 CardTable entry size: 512
 Card Set container configuration: InlinePtr #cards 4 size 8 Array Of Cards #cards 16 size 48 Howl #buckets 8 coarsen threshold 3686 Howl Bitmap #cards 512 size 80 coarsen threshold 460 Card regions per heap region 1 cards per card region 4096
 CPUs: 8 total, 8 available
 Memory: 16053M
 Large Page Support: Disabled
 NUMA Support: Disabled
 Compressed Oops: Enabled (Zero based)
 Heap Region Size: 2M
 Heap Min Capacity: 8M
 Heap Initial Capacity: 252M
 Heap Max Capacity: 4014M
 Pre-touch: Disabled
 Parallel Workers: 8
 Concurrent Workers: 2
 Concurrent Refinement Workers: 8
 Periodic GC: Disabled

Heap:
 garbage-first heap   total 258048K, used 14336K [0x0000000705200000, 0x0000000800000000)
  region size 2048K, 8 young (16384K), 0 survivors (0K)
 Metaspace       used 9147K, committed 9344K, reserved 1114112K
  class space    used 1057K, committed 1152K, reserved 1048576K

Heap Regions: E=young(eden), S=young(survivor), O=old, HS=humongous(starts), HC=humongous(continues), CS=collection set, F=free, TAMS=top-at-mark-start, PB=parsable bottom
|   0|0x0000000705200000, 0x0000000705200000, 0x0000000705400000|  0%| F|  |TAMS 0x0000000705200000| PB 0x0000000705200000| Untracked 
|   1|0x0000000705400000, 0x0000000705400000, 0x0000000705600000|  0%| F|  |TAMS 0x0000000705400000| PB 0x0000000705400000| Untracked 
|   2|0x0000000705600000, 0x0000000705600000, 0x0000000705800000|  0%| F|  |TAMS 0x0000000705600000| PB 0x0000000705600000| Untracked 
|   3|0x0000000705800000, 0x0000000705800000, 0x0000000705a00000|  0%| F|  |TAMS 0x0000000705800000| PB 0x0000000705800000| Untracked 
|   4|0x0000000705a00000, 0x0000000705a00000, 0x0000000705c00000|  0%| F|  |TAMS 0x0000000705a00000| PB 0x0000000705a00000| Untracked 
|   5|0x0000000705c00000, 0x0000000705c00000, 0x0000000705e00000|  0%| F|  |TAMS 0x0000000705c00000| PB 0x0000000705c00000| Untracked 
|   6|0x0000000705e00000, 0x0000000705e00000, 0x0000000706000000|  0%| F|  |TAMS 0x0000000705e00000| PB 0x0000000705e00000| Untracked 
|   7|0x0000000706000000, 0x0000000706000000, 0x0000000706200000|  0%| F|  |TAMS 0x0000000706000000| PB 0x0000000706000000| Untracked 
|   8|0x0000000706200000, 0x0000000706200000, 0x0000000706400000|  0%| F|  |TAMS 0x0000000706200000| PB 0x0000000706200000| Untracked 
|   9|0x0000000706400000, 0x0000000706400000, 0x0000000706600000|  0%| F|  |TAMS 0x0000000706400000| PB 0x0000000706400000| Untracked 
|  10|0x0000000706600000, 0x0000000706600000, 0x0000000706800000|  0%| F|  |TAMS 0x0000000706600000| PB 0x0000000706600000| Untracked 
|  11|0x0000000706800000, 0x0000000706800000, 0x0000000706a00000|  0%| F|  |TAMS 0x0000000706800000| PB 0x0000000706800000| Untracked 
|  12|0x0000000706a00000, 0x0000000706a00000, 0x0000000706c00000|  0%| F|  |TAMS 0x0000000706a00000| PB 0x0000000706a00000| Untracked 
|  13|0x0000000706c00000, 0x0000000706c00000, 0x0000000706e00000|  0%| F|  |TAMS 0x0000000706c00000| PB 0x0000000706c00000| Untracked 
|  14|0x0000000706e00000, 0x0000000706e00000, 0x0000000707000000|  0%| F|  |TAMS 0x0000000706e00000| PB 0x0000000706e00000| Untracked 
|  15|0x0000000707000000, 0x0000000707000000, 0x0000000707200000|  0%| F|  |TAMS 0x0000000707000000| PB 0x0000000707000000| Untracked 
|  16|0x0000000707200000, 0x0000000707200000, 0x0000000707400000|  0%| F|  |TAMS 0x0000000707200000| PB 0x0000000707200000| Untracked 
|  17|0x0000000707400000, 0x0000000707400000, 0x0000000707600000|  0%| F|  |TAMS 0x0000000707400000| PB 0x0000000707400000| Untracked 
|  18|0x0000000707600000, 0x0000000707600000, 0x0000000707800000|  0%| F|  |TAMS 0x0000000707600000| PB 0x0000000707600000| Untracked 
|  19|0x0000000707800000, 0x0000000707800000, 0x0000000707a00000|  0%| F|  |TAMS 0x0000000707800000| PB 0x0000000707800000| Untracked 
|  20|0x0000000707a00000, 0x0000000707a00000, 0x0000000707c00000|  0%| F|  |TAMS 0x0000000707a00000| PB 0x0000000707a00000| Untracked 
|  21|0x0000000707c00000, 0x0000000707c00000, 0x0000000707e00000|  0%| F|  |TAMS 0x0000000707c00000| PB 0x0000000707c00000| Untracked 
|  22|0x0000000707e00000, 0x0000000707e00000, 0x0000000708000000|  0%| F|  |TAMS 0x0000000707e00000| PB 0x0000000707e00000| Untracked 
|  23|0x0000000708000000, 0x0000000708000000, 0x0000000708200000|  0%| F|  |TAMS 0x0000000708000000| PB 0x0000000708000000| Untracked 
|  24|0x0000000708200000, 0x0000000708200000, 0x0000000708400000|  0%| F|  |TAMS 0x0000000708200000| PB 0x0000000708200000| Untracked 
|  25|0x0000000708400000, 0x0000000708400000, 0x0000000708600000|  0%| F|  |TAMS 0x0000000708400000| PB 0x0000000708400000| Untracked 
|  26|0x0000000708600000, 0x0000000708600000, 0x0000000708800000|  0%| F|  |TAMS 0x0000000708600000| PB 0x0000000708600000| Untracked 
|  27|0x0000000708800000, 0x0000000708800000, 0x0000000708a00000|  0%| F|  |TAMS 0x0000000708800000| PB 0x0000000708800000| Untracked 
|  28|0x0000000708a00000, 0x0000000708a00000, 0x0000000708c00000|  0%| F|  |TAMS 0x0000000708a00000| PB 0x0000000708a00000| Untracked 
|  29|0x0000000708c00000, 0x0000000708c00000, 0x0000000708e00000|  0%| F|  |TAMS 0x0000000708c00000| PB 0x0000000708c00000| Untracked 
|  30|0x0000000708e00000, 0x0000000708e00000, 0x0000000709000000|  0%| F|  |TAMS 0x0000000708e00000| PB 0x0000000708e00000| Untracked 
|  31|0x0000000709000000, 0x0000000709000000, 0x0000000709200000|  0%| F|  |TAMS 0x0000000709000000| PB 0x0000000709000000| Untracked 
|  32|0x0000000709200000, 0x0000000709200000, 0x0000000709400000|  0%| F|  |TAMS 0x0000000709200000| PB 0x0000000709200000| Untracked 
|  33|0x0000000709400000, 0x0000000709400000, 0x0000000709600000|  0%| F|  |TAMS 0x0000000709400000| PB 0x0000000709400000| Untracked 
|  34|0x0000000709600000, 0x0000000709600000, 0x0000000709800000|  0%| F|  |TAMS 0x0000000709600000| PB 0x0000000709600000| Untracked 
|  35|0x0000000709800000, 0x0000000709800000, 0x0000000709a00000|  0%| F|  |TAMS 0x0000000709800000| PB 0x0000000709800000| Untracked 
|  36|0x0000000709a00000, 0x0000000709a00000, 0x0000000709c00000|  0%| F|  |TAMS 0x0000000709a00000| PB 0x0000000709a00000| Untracked 
|  37|0x0000000709c00000, 0x0000000709c00000, 0x0000000709e00000|  0%| F|  |TAMS 0x0000000709c00000| PB 0x0000000709c00000| Untracked 
|  38|0x0000000709e00000, 0x0000000709e00000, 0x000000070a000000|  0%| F|  |TAMS 0x0000000709e00000| PB 0x0000000709e00000| Untracked 
|  39|0x000000070a000000, 0x000000070a000000, 0x000000070a200000|  0%| F|  |TAMS 0x000000070a000000| PB 0x000000070a000000| Untracked 
|  40|0x000000070a200000, 0x000000070a200000, 0x000000070a400000|  0%| F|  |TAMS 0x000000070a200000| PB 0x000000070a200000| Untracked 
|  41|0x000000070a400000, 0x000000070a400000, 0x000000070a600000|  0%| F|  |TAMS 0x000000070a400000| PB 0x000000070a400000| Untracked 
|  42|0x000000070a600000, 0x000000070a600000, 0x000000070a800000|  0%| F|  |TAMS 0x000000070a600000| PB 0x000000070a600000| Untracked 
|  43|0x000000070a800000, 0x000000070a800000, 0x000000070aa00000|  0%| F|  |TAMS 0x000000070a800000| PB 0x000000070a800000| Untracked 
|  44|0x000000070aa00000, 0x000000070aa00000, 0x000000070ac00000|  0%| F|  |TAMS 0x000000070aa00000| PB 0x000000070aa00000| Untracked 
|  45|0x000000070ac00000, 0x000000070ac00000, 0x000000070ae00000|  0%| F|  |TAMS 0x000000070ac00000| PB 0x000000070ac00000| Untracked 
|  46|0x000000070ae00000, 0x000000070ae00000, 0x000000070b000000|  0%| F|  |TAMS 0x000000070ae00000| PB 0x000000070ae00000| Untracked 
|  47|0x000000070b000000, 0x000000070b000000, 0x000000070b200000|  0%| F|  |TAMS 0x000000070b000000| PB 0x000000070b000000| Untracked 
|  48|0x000000070b200000, 0x000000070b200000, 0x000000070b400000|  0%| F|  |TAMS 0x000000070b200000| PB 0x000000070b200000| Untracked 
|  49|0x000000070b400000, 0x000000070b400000, 0x000000070b600000|  0%| F|  |TAMS 0x000000070b400000| PB 0x000000070b400000| Untracked 
|  50|0x000000070b600000, 0x000000070b600000, 0x000000070b800000|  0%| F|  |TAMS 0x000000070b600000| PB 0x000000070b600000| Untracked 
|  51|0x000000070b800000, 0x000000070b800000, 0x000000070ba00000|  0%| F|  |TAMS 0x000000070b800000| PB 0x000000070b800000| Untracked 
|  52|0x000000070ba00000, 0x000000070ba00000, 0x000000070bc00000|  0%| F|  |TAMS 0x000000070ba00000| PB 0x000000070ba00000| Untracked 
|  53|0x000000070bc00000, 0x000000070bc00000, 0x000000070be00000|  0%| F|  |TAMS 0x000000070bc00000| PB 0x000000070bc00000| Untracked 
|  54|0x000000070be00000, 0x000000070be00000, 0x000000070c000000|  0%| F|  |TAMS 0x000000070be00000| PB 0x000000070be00000| Untracked 
|  55|0x000000070c000000, 0x000000070c000000, 0x000000070c200000|  0%| F|  |TAMS 0x000000070c000000| PB 0x000000070c000000| Untracked 
|  56|0x000000070c200000, 0x000000070c200000, 0x000000070c400000|  0%| F|  |TAMS 0x000000070c200000| PB 0x000000070c200000| Untracked 
|  57|0x000000070c400000, 0x000000070c400000, 0x000000070c600000|  0%| F|  |TAMS 0x000000070c400000| PB 0x000000070c400000| Untracked 
|  58|0x000000070c600000, 0x000000070c600000, 0x000000070c800000|  0%| F|  |TAMS 0x000000070c600000| PB 0x000000070c600000| Untracked 
|  59|0x000000070c800000, 0x000000070c800000, 0x000000070ca00000|  0%| F|  |TAMS 0x000000070c800000| PB 0x000000070c800000| Untracked 
|  60|0x000000070ca00000, 0x000000070ca00000, 0x000000070cc00000|  0%| F|  |TAMS 0x000000070ca00000| PB 0x000000070ca00000| Untracked 
|  61|0x000000070cc00000, 0x000000070cc00000, 0x000000070ce00000|  0%| F|  |TAMS 0x000000070cc00000| PB 0x000000070cc00000| Untracked 
|  62|0x000000070ce00000, 0x000000070ce00000, 0x000000070d000000|  0%| F|  |TAMS 0x000000070ce00000| PB 0x000000070ce00000| Untracked 
|  63|0x000000070d000000, 0x000000070d000000, 0x000000070d200000|  0%| F|  |TAMS 0x000000070d000000| PB 0x000000070d000000| Untracked 
|  64|0x000000070d200000, 0x000000070d200000, 0x000000070d400000|  0%| F|  |TAMS 0x000000070d200000| PB 0x000000070d200000| Untracked 
|  65|0x000000070d400000, 0x000000070d400000, 0x000000070d600000|  0%| F|  |TAMS 0x000000070d400000| PB 0x000000070d400000| Untracked 
|  66|0x000000070d600000, 0x000000070d600000, 0x000000070d800000|  0%| F|  |TAMS 0x000000070d600000| PB 0x000000070d600000| Untracked 
|  67|0x000000070d800000, 0x000000070d800000, 0x000000070da00000|  0%| F|  |TAMS 0x000000070d800000| PB 0x000000070d800000| Untracked 
|  68|0x000000070da00000, 0x000000070da00000, 0x000000070dc00000|  0%| F|  |TAMS 0x000000070da00000| PB 0x000000070da00000| Untracked 
|  69|0x000000070dc00000, 0x000000070dc00000, 0x000000070de00000|  0%| F|  |TAMS 0x000000070dc00000| PB 0x000000070dc00000| Untracked 
|  70|0x000000070de00000, 0x000000070de00000, 0x000000070e000000|  0%| F|  |TAMS 0x000000070de00000| PB 0x000000070de00000| Untracked 
|  71|0x000000070e000000, 0x000000070e000000, 0x000000070e200000|  0%| F|  |TAMS 0x000000070e000000| PB 0x000000070e000000| Untracked 
|  72|0x000000070e200000, 0x000000070e200000, 0x000000070e400000|  0%| F|  |TAMS 0x000000070e200000| PB 0x000000070e200000| Untracked 
|  73|0x000000070e400000, 0x000000070e400000, 0x000000070e600000|  0%| F|  |TAMS 0x000000070e400000| PB 0x000000070e400000| Untracked 
|  74|0x000000070e600000, 0x000000070e600000, 0x000000070e800000|  0%| F|  |TAMS 0x000000070e600000| PB 0x000000070e600000| Untracked 
|  75|0x000000070e800000, 0x000000070e800000, 0x000000070ea00000|  0%| F|  |TAMS 0x000000070e800000| PB 0x000000070e800000| Untracked 
|  76|0x000000070ea00000, 0x000000070ea00000, 0x000000070ec00000|  0%| F|  |TAMS 0x000000070ea00000| PB 0x000000070ea00000| Untracked 
|  77|0x000000070ec00000, 0x000000070ec00000, 0x000000070ee00000|  0%| F|  |TAMS 0x000000070ec00000| PB 0x000000070ec00000| Untracked 
|  78|0x000000070ee00000, 0x000000070ee00000, 0x000000070f000000|  0%| F|  |TAMS 0x000000070ee00000| PB 0x000000070ee00000| Untracked 
|  79|0x000000070f000000, 0x000000070f000000, 0x000000070f200000|  0%| F|  |TAMS 0x000000070f000000| PB 0x000000070f000000| Untracked 
|  80|0x000000070f200000, 0x000000070f200000, 0x000000070f400000|  0%| F|  |TAMS 0x000000070f200000| PB 0x000000070f200000| Untracked 
|  81|0x000000070f400000, 0x000000070f400000, 0x000000070f600000|  0%| F|  |TAMS 0x000000070f400000| PB 0x000000070f400000| Untracked 
|  82|0x000000070f600000, 0x000000070f600000, 0x000000070f800000|  0%| F|  |TAMS 0x000000070f600000| PB 0x000000070f600000| Untracked 
|  83|0x000000070f800000, 0x000000070f800000, 0x000000070fa00000|  0%| F|  |TAMS 0x000000070f800000| PB 0x000000070f800000| Untracked 
|  84|0x000000070fa00000, 0x000000070fa00000, 0x000000070fc00000|  0%| F|  |TAMS 0x000000070fa00000| PB 0x000000070fa00000| Untracked 
|  85|0x000000070fc00000, 0x000000070fc00000, 0x000000070fe00000|  0%| F|  |TAMS 0x000000070fc00000| PB 0x000000070fc00000| Untracked 
|  86|0x000000070fe00000, 0x000000070fe00000, 0x0000000710000000|  0%| F|  |TAMS 0x000000070fe00000| PB 0x000000070fe00000| Untracked 
|  87|0x0000000710000000, 0x0000000710000000, 0x0000000710200000|  0%| F|  |TAMS 0x0000000710000000| PB 0x0000000710000000| Untracked 
|  88|0x0000000710200000, 0x0000000710200000, 0x0000000710400000|  0%| F|  |TAMS 0x0000000710200000| PB 0x0000000710200000| Untracked 
|  89|0x0000000710400000, 0x0000000710400000, 0x0000000710600000|  0%| F|  |TAMS 0x0000000710400000| PB 0x0000000710400000| Untracked 
|  90|0x0000000710600000, 0x0000000710600000, 0x0000000710800000|  0%| F|  |TAMS 0x0000000710600000| PB 0x0000000710600000| Untracked 
|  91|0x0000000710800000, 0x0000000710800000, 0x0000000710a00000|  0%| F|  |TAMS 0x0000000710800000| PB 0x0000000710800000| Untracked 
|  92|0x0000000710a00000, 0x0000000710a00000, 0x0000000710c00000|  0%| F|  |TAMS 0x0000000710a00000| PB 0x0000000710a00000| Untracked 
|  93|0x0000000710c00000, 0x0000000710c00000, 0x0000000710e00000|  0%| F|  |TAMS 0x0000000710c00000| PB 0x0000000710c00000| Untracked 
|  94|0x0000000710e00000, 0x0000000710e00000, 0x0000000711000000|  0%| F|  |TAMS 0x0000000710e00000| PB 0x0000000710e00000| Untracked 
|  95|0x0000000711000000, 0x0000000711000000, 0x0000000711200000|  0%| F|  |TAMS 0x0000000711000000| PB 0x0000000711000000| Untracked 
|  96|0x0000000711200000, 0x0000000711200000, 0x0000000711400000|  0%| F|  |TAMS 0x0000000711200000| PB 0x0000000711200000| Untracked 
|  97|0x0000000711400000, 0x0000000711400000, 0x0000000711600000|  0%| F|  |TAMS 0x0000000711400000| PB 0x0000000711400000| Untracked 
|  98|0x0000000711600000, 0x0000000711600000, 0x0000000711800000|  0%| F|  |TAMS 0x0000000711600000| PB 0x0000000711600000| Untracked 
|  99|0x0000000711800000, 0x0000000711800000, 0x0000000711a00000|  0%| F|  |TAMS 0x0000000711800000| PB 0x0000000711800000| Untracked 
| 100|0x0000000711a00000, 0x0000000711a00000, 0x0000000711c00000|  0%| F|  |TAMS 0x0000000711a00000| PB 0x0000000711a00000| Untracked 
| 101|0x0000000711c00000, 0x0000000711c00000, 0x0000000711e00000|  0%| F|  |TAMS 0x0000000711c00000| PB 0x0000000711c00000| Untracked 
| 102|0x0000000711e00000, 0x0000000711e00000, 0x0000000712000000|  0%| F|  |TAMS 0x0000000711e00000| PB 0x0000000711e00000| Untracked 
| 103|0x0000000712000000, 0x0000000712000000, 0x0000000712200000|  0%| F|  |TAMS 0x0000000712000000| PB 0x0000000712000000| Untracked 
| 104|0x0000000712200000, 0x0000000712200000, 0x0000000712400000|  0%| F|  |TAMS 0x0000000712200000| PB 0x0000000712200000| Untracked 
| 105|0x0000000712400000, 0x0000000712400000, 0x0000000712600000|  0%| F|  |TAMS 0x0000000712400000| PB 0x0000000712400000| Untracked 
| 106|0x0000000712600000, 0x0000000712600000, 0x0000000712800000|  0%| F|  |TAMS 0x0000000712600000| PB 0x0000000712600000| Untracked 
| 107|0x0000000712800000, 0x0000000712800000, 0x0000000712a00000|  0%| F|  |TAMS 0x0000000712800000| PB 0x0000000712800000| Untracked 
| 108|0x0000000712a00000, 0x0000000712a00000, 0x0000000712c00000|  0%| F|  |TAMS 0x0000000712a00000| PB 0x0000000712a00000| Untracked 
| 109|0x0000000712c00000, 0x0000000712c00000, 0x0000000712e00000|  0%| F|  |TAMS 0x0000000712c00000| PB 0x0000000712c00000| Untracked 
| 110|0x0000000712e00000, 0x0000000712e00000, 0x0000000713000000|  0%| F|  |TAMS 0x0000000712e00000| PB 0x0000000712e00000| Untracked 
| 111|0x0000000713000000, 0x0000000713000000, 0x0000000713200000|  0%| F|  |TAMS 0x0000000713000000| PB 0x0000000713000000| Untracked 
| 112|0x0000000713200000, 0x0000000713200000, 0x0000000713400000|  0%| F|  |TAMS 0x0000000713200000| PB 0x0000000713200000| Untracked 
| 113|0x0000000713400000, 0x0000000713400000, 0x0000000713600000|  0%| F|  |TAMS 0x0000000713400000| PB 0x0000000713400000| Untracked 
| 114|0x0000000713600000, 0x0000000713600000, 0x0000000713800000|  0%| F|  |TAMS 0x0000000713600000| PB 0x0000000713600000| Untracked 
| 115|0x0000000713800000, 0x0000000713800000, 0x0000000713a00000|  0%| F|  |TAMS 0x0000000713800000| PB 0x0000000713800000| Untracked 
| 116|0x0000000713a00000, 0x0000000713a00000, 0x0000000713c00000|  0%| F|  |TAMS 0x0000000713a00000| PB 0x0000000713a00000| Untracked 
| 117|0x0000000713c00000, 0x0000000713c00000, 0x0000000713e00000|  0%| F|  |TAMS 0x0000000713c00000| PB 0x0000000713c00000| Untracked 
| 118|0x0000000713e00000, 0x0000000714000000, 0x0000000714000000|100%| E|  |TAMS 0x0000000713e00000| PB 0x0000000713e00000| Complete 
| 119|0x0000000714000000, 0x0000000714200000, 0x0000000714200000|100%| E|CS|TAMS 0x0000000714000000| PB 0x0000000714000000| Complete 
| 120|0x0000000714200000, 0x0000000714400000, 0x0000000714400000|100%| E|CS|TAMS 0x0000000714200000| PB 0x0000000714200000| Complete 
| 121|0x0000000714400000, 0x0000000714600000, 0x0000000714600000|100%| E|CS|TAMS 0x0000000714400000| PB 0x0000000714400000| Complete 
| 122|0x0000000714600000, 0x0000000714800000, 0x0000000714800000|100%| E|CS|TAMS 0x0000000714600000| PB 0x0000000714600000| Complete 
| 123|0x0000000714800000, 0x0000000714a00000, 0x0000000714a00000|100%| E|CS|TAMS 0x0000000714800000| PB 0x0000000714800000| Complete 
| 124|0x0000000714a00000, 0x0000000714c00000, 0x0000000714c00000|100%| E|CS|TAMS 0x0000000714a00000| PB 0x0000000714a00000| Complete 
| 125|0x0000000714c00000, 0x0000000714e00000, 0x0000000714e00000|100%| E|CS|TAMS 0x0000000714c00000| PB 0x0000000714c00000| Complete 

Card table byte_map: [0x00000184d1430000,0x00000184d1c10000] _byte_map_base: 0x00000184cdc07000

Marking Bits: (CMBitMap*) 0x00000184bd9d5230
 Bits: [0x00000184d1c10000, 0x00000184d5ac8000)

Polling page: 0x00000184bd140000

Metaspace:

Usage:
  Non-class:      7.90 MB used.
      Class:      1.03 MB used.
       Both:      8.93 MB used.

Virtual space:
  Non-class space:       64.00 MB reserved,       8.00 MB ( 12%) committed,  1 nodes.
      Class space:        1.00 GB reserved,       1.12 MB ( <1%) committed,  1 nodes.
             Both:        1.06 GB reserved,       9.12 MB ( <1%) committed. 

Chunk freelists:
   Non-Class:  7.89 MB
       Class:  14.70 MB
        Both:  22.59 MB

MaxMetaspaceSize: unlimited
CompressedClassSpaceSize: 1.00 GB
Initial GC threshold: 21.00 MB
Current GC threshold: 21.00 MB
CDS: on
 - commit_granule_bytes: 65536.
 - commit_granule_words: 8192.
 - virtual_space_node_default_size: 8388608.
 - enlarge_chunks_in_place: 1.
 - use_allocation_guard: 0.


Internal statistics:

num_allocs_failed_limit: 0.
num_arena_births: 244.
num_arena_deaths: 0.
num_vsnodes_births: 2.
num_vsnodes_deaths: 0.
num_space_committed: 146.
num_space_uncommitted: 0.
num_chunks_returned_to_freelist: 0.
num_chunks_taken_from_freelist: 413.
num_chunk_merges: 0.
num_chunk_splits: 240.
num_chunks_enlarged: 116.
num_inconsistent_stats: 0.

CodeHeap 'non-profiled nmethods': size=120000Kb used=373Kb max_used=373Kb free=119626Kb
 bounds [0x00000184c93e0000, 0x00000184c9650000, 0x00000184d0910000]
CodeHeap 'profiled nmethods': size=120000Kb used=1790Kb max_used=1790Kb free=118209Kb
 bounds [0x00000184c1910000, 0x00000184c1b80000, 0x00000184c8e40000]
CodeHeap 'non-nmethods': size=5760Kb used=1430Kb max_used=1446Kb free=4329Kb
 bounds [0x00000184c8e40000, 0x00000184c90b0000, 0x00000184c93e0000]
 total_blobs=1634 nmethods=1119 adapters=420
 compilation: enabled
              stopped_count=0, restarted_count=0
 full_count=0

Compilation events (20 events):
Event: 0.402 Thread 0x00000184d86980e0 1113       3       java.nio.ByteBuffer::hasArray (20 bytes)
Event: 0.403 Thread 0x00000184d86980e0 nmethod 1113 0x00000184c1acae90 code [0x00000184c1acb040, 0x00000184c1acb1d8]
Event: 0.403 Thread 0x00000184d86980e0 1116       3       jdk.internal.org.objectweb.asm.ClassWriter::visitField (53 bytes)
Event: 0.403 Thread 0x00000184d86980e0 nmethod 1116 0x00000184c1acb290 code [0x00000184c1acb460, 0x00000184c1acb7d8]
Event: 0.403 Thread 0x00000184d86980e0 1117       3       jdk.internal.org.objectweb.asm.FieldWriter::<init> (69 bytes)
Event: 0.403 Thread 0x00000184d86980e0 nmethod 1117 0x00000184c1acb910 code [0x00000184c1acbb00, 0x00000184c1acbec0]
Event: 0.403 Thread 0x00000184d86980e0 1118   !   3       java.lang.invoke.MethodHandleNatives::linkMethodHandleConstant (50 bytes)
Event: 0.403 Thread 0x00000184d86980e0 nmethod 1118 0x00000184c1acc090 code [0x00000184c1acc260, 0x00000184c1acc468]
Event: 0.403 Thread 0x00000184d86980e0 1119       3       java.lang.invoke.MethodHandles$Lookup::linkMethodHandleConstant (223 bytes)
Event: 0.404 Thread 0x00000184d86980e0 nmethod 1119 0x00000184c1acc610 code [0x00000184c1acca00, 0x00000184c1ace1f0]
Event: 0.404 Thread 0x00000184d86980e0 1120       3       java.lang.invoke.MemberName$Factory::resolveOrNull (54 bytes)
Event: 0.405 Thread 0x00000184d86980e0 nmethod 1120 0x00000184c1ace990 code [0x00000184c1aceb60, 0x00000184c1acee00]
Event: 0.405 Thread 0x00000184d86980e0 1121       3       java.nio.MappedByteBuffer::limit (6 bytes)
Event: 0.405 Thread 0x00000184d86980e0 nmethod 1121 0x00000184c1acef10 code [0x00000184c1acf0c0, 0x00000184c1acf2d0]
Event: 0.407 Thread 0x00000184d86980e0 1122       1       java.util.concurrent.atomic.AtomicInteger::get (5 bytes)
Event: 0.407 Thread 0x00000184d86980e0 nmethod 1122 0x00000184c943d010 code [0x00000184c943d1a0, 0x00000184c943d268]
Event: 0.408 Thread 0x00000184d86980e0 1123       3       java.nio.ByteBuffer::get (9 bytes)
Event: 0.408 Thread 0x00000184d86980e0 nmethod 1123 0x00000184c1acf410 code [0x00000184c1acf5c0, 0x00000184c1acf7a0]
Event: 0.408 Thread 0x00000184d86980e0 1124       1       sun.security.provider.DigestBase::engineGetDigestLength (5 bytes)
Event: 0.408 Thread 0x00000184d86980e0 nmethod 1124 0x00000184c943d310 code [0x00000184c943d4a0, 0x00000184c943d568]

GC Heap History (0 events):
No events

Dll operation events (2 events):
Event: 0.004 Loaded shared library C:\Users\theo.borsotto\AppData\Local\Programs\WebStorm\jbr\bin\java.dll
Event: 0.041 Loaded shared library C:\Users\theo.borsotto\AppData\Local\Programs\WebStorm\jbr\bin\zip.dll

Deoptimization events (20 events):
Event: 0.175 Thread 0x00000184bd9735a0 DEOPT PACKING pc=0x00000184c1927b4c sp=0x0000004560ffc320
Event: 0.175 Thread 0x00000184bd9735a0 DEOPT UNPACKING pc=0x00000184c8e94e42 sp=0x0000004560ffb740 mode 0
Event: 0.185 Thread 0x00000184bd9735a0 DEOPT PACKING pc=0x00000184c1926fcc sp=0x0000004560ffda00
Event: 0.185 Thread 0x00000184bd9735a0 DEOPT UNPACKING pc=0x00000184c8e94e42 sp=0x0000004560ffce68 mode 0
Event: 0.357 Thread 0x000001851e20b360 Uncommon trap: trap_request=0xffffffde fr.pc=0x00000184c9431c1c relative=0x000000000000025c
Event: 0.357 Thread 0x000001851e20b360 Uncommon trap: reason=class_check action=maybe_recompile pc=0x00000184c9431c1c method=sun.security.util.math.intpoly.IntegerPolynomial.multByInt([JJ)V @ 26 c2
Event: 0.357 Thread 0x000001851e20b360 DEOPT PACKING pc=0x00000184c9431c1c sp=0x00000045623fe570
Event: 0.357 Thread 0x000001851e20b360 DEOPT UNPACKING pc=0x00000184c8e946a2 sp=0x00000045623fe520 mode 2
Event: 0.357 Thread 0x000001851e20b360 Uncommon trap: trap_request=0xffffffde fr.pc=0x00000184c9431c1c relative=0x000000000000025c
Event: 0.357 Thread 0x000001851e20b360 Uncommon trap: reason=class_check action=maybe_recompile pc=0x00000184c9431c1c method=sun.security.util.math.intpoly.IntegerPolynomial.multByInt([JJ)V @ 26 c2
Event: 0.357 Thread 0x000001851e20b360 DEOPT PACKING pc=0x00000184c9431c1c sp=0x00000045623fe570
Event: 0.357 Thread 0x000001851e20b360 DEOPT UNPACKING pc=0x00000184c8e946a2 sp=0x00000045623fe520 mode 2
Event: 0.357 Thread 0x000001851e20b360 Uncommon trap: trap_request=0xffffffde fr.pc=0x00000184c9431c1c relative=0x000000000000025c
Event: 0.357 Thread 0x000001851e20b360 Uncommon trap: reason=class_check action=maybe_recompile pc=0x00000184c9431c1c method=sun.security.util.math.intpoly.IntegerPolynomial.multByInt([JJ)V @ 26 c2
Event: 0.357 Thread 0x000001851e20b360 DEOPT PACKING pc=0x00000184c9431c1c sp=0x00000045623fe570
Event: 0.357 Thread 0x000001851e20b360 DEOPT UNPACKING pc=0x00000184c8e946a2 sp=0x00000045623fe520 mode 2
Event: 0.357 Thread 0x000001851e20b360 Uncommon trap: trap_request=0xffffffde fr.pc=0x00000184c9431c1c relative=0x000000000000025c
Event: 0.357 Thread 0x000001851e20b360 Uncommon trap: reason=class_check action=maybe_recompile pc=0x00000184c9431c1c method=sun.security.util.math.intpoly.IntegerPolynomial.multByInt([JJ)V @ 26 c2
Event: 0.357 Thread 0x000001851e20b360 DEOPT PACKING pc=0x00000184c9431c1c sp=0x00000045623fe570
Event: 0.357 Thread 0x000001851e20b360 DEOPT UNPACKING pc=0x00000184c8e946a2 sp=0x00000045623fe520 mode 2

Classes loaded (20 events):
Event: 0.381 Loading class jdk/internal/event/TLSHandshakeEvent
Event: 0.381 Loading class jdk/internal/event/TLSHandshakeEvent done
Event: 0.381 Loading class com/sun/crypto/provider/GaloisCounterMode$GCMEncrypt
Event: 0.381 Loading class com/sun/crypto/provider/GaloisCounterMode$GCMEncrypt done
Event: 0.381 Loading class com/sun/crypto/provider/GaloisCounterMode$EncryptOp
Event: 0.381 Loading class com/sun/crypto/provider/GaloisCounterMode$EncryptOp done
Event: 0.382 Loading class sun/security/ssl/CipherSuite$1
Event: 0.382 Loading class sun/security/ssl/CipherSuite$1 done
Event: 0.383 Loading class java/util/concurrent/CompletionException
Event: 0.383 Loading class java/util/concurrent/CompletionException done
Event: 0.399 Loading class java/util/Collections$UnmodifiableMap$UnmodifiableEntrySet
Event: 0.400 Loading class java/util/Collections$UnmodifiableMap$UnmodifiableEntrySet done
Event: 0.400 Loading class java/util/Collections$UnmodifiableMap$UnmodifiableEntrySet$1
Event: 0.400 Loading class java/util/Collections$UnmodifiableMap$UnmodifiableEntrySet$1 done
Event: 0.400 Loading class java/util/Collections$UnmodifiableMap$UnmodifiableEntrySet$UnmodifiableEntry
Event: 0.400 Loading class java/util/Collections$UnmodifiableMap$UnmodifiableEntrySet$UnmodifiableEntry done
Event: 0.407 Loading class sun/security/ssl/NewSessionTicket$T13NewSessionTicketMessage
Event: 0.407 Loading class sun/security/ssl/NewSessionTicket$NewSessionTicketMessage
Event: 0.408 Loading class sun/security/ssl/NewSessionTicket$NewSessionTicketMessage done
Event: 0.408 Loading class sun/security/ssl/NewSessionTicket$T13NewSessionTicketMessage done

Classes unloaded (0 events):
No events

Classes redefined (0 events):
No events

Internal exceptions (20 events):
Event: 0.174 Thread 0x00000184bd9735a0 Exception <a 'java/lang/NoSuchMethodError'{0x00000007146b69b0}: 'int java.lang.invoke.DirectMethodHandle$Holder.invokeStaticInit(java.lang.Object, float, float)'> (0x00000007146b69b0) 
thrown [s\src\hotspot\share\interpreter\linkResolver.cpp, line 784]
Event: 0.175 Thread 0x00000184bd9735a0 Exception <a 'java/lang/NoSuchMethodError'{0x00000007146bd440}: 'int java.lang.invoke.DirectMethodHandle$Holder.invokeStaticInit(java.lang.Object, double, double)'> (0x00000007146bd440) 
thrown [s\src\hotspot\share\interpreter\linkResolver.cpp, line 784]
Event: 0.175 Thread 0x00000184bd9735a0 Exception <a 'java/lang/NoSuchMethodError'{0x00000007146c1ac8}: 'int java.lang.invoke.DirectMethodHandle$Holder.invokeStatic(java.lang.Object, long)'> (0x00000007146c1ac8) 
thrown [s\src\hotspot\share\interpreter\linkResolver.cpp, line 784]
Event: 0.177 Thread 0x00000184bd9735a0 Exception <a 'java/lang/NoSuchMethodError'{0x00000007146eb898}: 'java.lang.Object java.lang.invoke.DirectMethodHandle$Holder.invokeSpecial(java.lang.Object, java.lang.Object, int, java.lang.Object, java.lang.Object)'> (0x00000007146eb898) 
thrown [s\src\hotspot\share\interpreter\linkResolver.cpp, line 784]
Event: 0.178 Thread 0x00000184bd9735a0 Exception <a 'java/lang/NoSuchMethodError'{0x00000007146ef228}: 'java.lang.Object java.lang.invoke.DelegatingMethodHandle$Holder.delegate(java.lang.Object, int, java.lang.Object, java.lang.Object)'> (0x00000007146ef228) 
thrown [s\src\hotspot\share\interpreter\linkResolver.cpp, line 784]
Event: 0.179 Thread 0x00000184bd9735a0 Exception <a 'java/lang/NoSuchMethodError'{0x00000007146fe548}: 'int java.lang.invoke.Invokers$Holder.linkToTargetMethod(java.lang.Object, java.lang.Object, java.lang.Object)'> (0x00000007146fe548) 
thrown [s\src\hotspot\share\interpreter\linkResolver.cpp, line 784]
Event: 0.181 Thread 0x00000184bd9735a0 Exception <a 'java/lang/NoSuchMethodError'{0x00000007147301f0}: 'long java.lang.invoke.DirectMethodHandle$Holder.invokeSpecial(java.lang.Object, java.lang.Object)'> (0x00000007147301f0) 
thrown [s\src\hotspot\share\interpreter\linkResolver.cpp, line 784]
Event: 0.182 Thread 0x00000184bd9735a0 Exception <a 'java/lang/NoSuchMethodError'{0x0000000714736ac0}: 'int java.lang.invoke.DirectMethodHandle$Holder.invokeStatic(java.lang.Object, java.lang.Object, java.lang.Object, java.lang.Object)'> (0x0000000714736ac0) 
thrown [s\src\hotspot\share\interpreter\linkResolver.cpp, line 784]
Event: 0.182 Thread 0x00000184bd9735a0 Exception <a 'java/lang/NoSuchMethodError'{0x0000000714739ee0}: 'java.lang.Object java.lang.invoke.Invokers$Holder.invokeExact_MT(java.lang.Object, java.lang.Object, java.lang.Object, java.lang.Object, java.lang.Object, java.lang.Object)'> (0x0000000714739ee0) 
thrown [s\src\hotspot\share\interpreter\linkResolver.cpp, line 784]
Event: 0.229 Thread 0x00000184bd9735a0 Exception <a 'java/lang/NoSuchMethodError'{0x00000007144d5368}: 'java.lang.Object java.lang.invoke.DirectMethodHandle$Holder.newInvokeSpecial(java.lang.Object, java.lang.Object, java.lang.Object, java.lang.Object, java.lang.Object)'> (0x00000007144d5368) 
thrown [s\src\hotspot\share\interpreter\linkResolver.cpp, line 784]
Event: 0.247 Thread 0x00000184bd9735a0 Exception <a 'java/lang/NoSuchMethodError'{0x00000007142ce440}: 'java.lang.Object java.lang.invoke.DirectMethodHandle$Holder.invokeSpecial(java.lang.Object, java.lang.Object, java.lang.Object, java.lang.Object, int)'> (0x00000007142ce440) 
thrown [s\src\hotspot\share\interpreter\linkResolver.cpp, line 784]
Event: 0.247 Thread 0x00000184bd9735a0 Exception <a 'java/lang/NoSuchMethodError'{0x00000007142d1da8}: 'java.lang.Object java.lang.invoke.Invokers$Holder.linkToTargetMethod(java.lang.Object, java.lang.Object, int, java.lang.Object)'> (0x00000007142d1da8) 
thrown [s\src\hotspot\share\interpreter\linkResolver.cpp, line 784]
Event: 0.251 Thread 0x00000184bd9735a0 Exception <a 'java/lang/NoSuchMethodError'{0x0000000714300b50}: 'void java.lang.invoke.DirectMethodHandle$Holder.invokeSpecial(java.lang.Object, java.lang.Object, java.lang.Object)'> (0x0000000714300b50) 
thrown [s\src\hotspot\share\interpreter\linkResolver.cpp, line 784]
Event: 0.259 Thread 0x000001851e094640 Exception <a 'java/lang/NoSuchMethodError'{0x0000000714504658}: 'void java.lang.invoke.DirectMethodHandle$Holder.invokeStatic(java.lang.Object, java.lang.Object, int)'> (0x0000000714504658) 
thrown [s\src\hotspot\share\interpreter\linkResolver.cpp, line 784]
Event: 0.259 Thread 0x00000184bd9735a0 Exception <a 'java/lang/NoSuchMethodError'{0x0000000714391478}: 'void java.lang.invoke.DirectMethodHandle$Holder.invokeSpecial(java.lang.Object, java.lang.Object, java.lang.Object, java.lang.Object, java.lang.Object)'> (0x0000000714391478) 
thrown [s\src\hotspot\share\interpreter\linkResolver.cpp, line 784]
Event: 0.264 Thread 0x000001851e094640 Exception <a 'java/lang/NoSuchMethodError'{0x000000071453e350}: 'void java.lang.invoke.DirectMethodHandle$Holder.invokeStatic(java.lang.Object, java.lang.Object)'> (0x000000071453e350) 
thrown [s\src\hotspot\share\interpreter\linkResolver.cpp, line 784]
Event: 0.265 Thread 0x000001851e20b360 Exception <a 'java/lang/NoSuchMethodError'{0x00000007143ee7c0}: 'void java.lang.invoke.DirectMethodHandle$Holder.invokeInterface(java.lang.Object, java.lang.Object, java.lang.Object)'> (0x00000007143ee7c0) 
thrown [s\src\hotspot\share\interpreter\linkResolver.cpp, line 784]
Event: 0.269 Thread 0x000001851e20b360 Exception <a 'java/lang/NoSuchMethodError'{0x000000071403caa8}: 'void java.lang.invoke.DirectMethodHandle$Holder.invokeVirtual(java.lang.Object, java.lang.Object)'> (0x000000071403caa8) 
thrown [s\src\hotspot\share\interpreter\linkResolver.cpp, line 784]
Event: 0.352 Thread 0x000001851e20b360 Exception <a 'java/lang/NoSuchMethodError'{0x0000000713e4d6d0}: 'void java.lang.invoke.DirectMethodHandle$Holder.invokeInterface(java.lang.Object, java.lang.Object)'> (0x0000000713e4d6d0) 
thrown [s\src\hotspot\share\interpreter\linkResolver.cpp, line 784]
Event: 0.382 Thread 0x000001851e20b360 Exception <a 'java/lang/NoSuchMethodError'{0x0000000713ec5058}: 'void java.lang.invoke.DirectMethodHandle$Holder.invokeStatic(java.lang.Object, java.lang.Object, java.lang.Object, java.lang.Object)'> (0x0000000713ec5058) 
thrown [s\src\hotspot\share\interpreter\linkResolver.cpp, line 784]

ZGC Phase Switch (0 events):
No events

VM Operations (8 events):
Event: 0.041 Executing VM operation: HandshakeAllThreads (Deoptimize)
Event: 0.041 Executing VM operation: HandshakeAllThreads (Deoptimize) done
Event: 0.046 Executing VM operation: HandshakeAllThreads (Deoptimize)
Event: 0.046 Executing VM operation: HandshakeAllThreads (Deoptimize) done
Event: 0.144 Executing VM operation: HandshakeAllThreads (Deoptimize)
Event: 0.144 Executing VM operation: HandshakeAllThreads (Deoptimize) done
Event: 0.261 Executing VM operation: HandshakeAllThreads (Deoptimize)
Event: 0.261 Executing VM operation: HandshakeAllThreads (Deoptimize) done

Memory protections (0 events):
No events

Nmethod flushes (0 events):
No events

Events (20 events):
Event: 0.015 Thread 0x00000184bd9735a0 Thread added: 0x00000184bd9735a0
Event: 0.024 Thread 0x00000184bd9735a0 Thread added: 0x00000184d8526910
Event: 0.024 Thread 0x00000184bd9735a0 Thread added: 0x00000184d8527720
Event: 0.024 Thread 0x00000184bd9735a0 Thread added: 0x00000184d852b2d0
Event: 0.024 Thread 0x00000184bd9735a0 Thread added: 0x00000184d854e0c0
Event: 0.024 Thread 0x00000184bd9735a0 Thread added: 0x00000184d854f2b0
Event: 0.024 Thread 0x00000184bd9735a0 Thread added: 0x00000184d8550720
Event: 0.024 Thread 0x00000184bd9735a0 Thread added: 0x00000184d8555bc0
Event: 0.025 Thread 0x00000184bd9735a0 Thread added: 0x00000184d86980e0
Event: 0.034 Thread 0x00000184bd9735a0 Thread added: 0x00000184d87de6d0
Event: 0.035 Thread 0x00000184bd9735a0 Thread added: 0x00000184d87e0120
Event: 0.036 Loaded shared library C:\Users\theo.borsotto\AppData\Local\Programs\WebStorm\jbr\bin\net.dll
Event: 0.037 Loaded shared library C:\Users\theo.borsotto\AppData\Local\Programs\WebStorm\jbr\bin\nio.dll
Event: 0.039 Loaded shared library C:\Users\theo.borsotto\AppData\Local\Programs\WebStorm\jbr\bin\zip.dll
Event: 0.073 Loaded shared library C:\Users\theo.borsotto\AppData\Local\Programs\WebStorm\jbr\bin\jimage.dll
Event: 0.077 Loaded shared library C:\Users\theo.borsotto\AppData\Local\Programs\WebStorm\jbr\bin\sunmscapi.dll
Event: 0.223 Loaded shared library C:\Users\theo.borsotto\AppData\Local\Programs\WebStorm\jbr\bin\extnet.dll
Event: 0.226 Thread 0x00000184bd9735a0 Thread added: 0x000001851e094640
Event: 0.264 Thread 0x000001851e094640 Thread added: 0x000001851e20b360
Event: 0.273 Thread 0x000001851e094640 Thread added: 0x000001851e2a46d0


Dynamic libraries:
0x00007ff650cf0000 - 0x00007ff650cfa000 	C:\Users\theo.borsotto\AppData\Local\Programs\WebStorm\jbr\bin\java.exe
0x00007ffdc2cf0000 - 0x00007ffdc2ee8000 	C:\windows\SYSTEM32\ntdll.dll
0x00007ffdc1840000 - 0x00007ffdc1902000 	C:\windows\System32\KERNEL32.DLL
0x00007ffdc03e0000 - 0x00007ffdc06df000 	C:\windows\System32\KERNELBASE.dll
0x00007ffdc0940000 - 0x00007ffdc0a40000 	C:\windows\System32\ucrtbase.dll
0x00007ffd94390000 - 0x00007ffd943a8000 	C:\Users\theo.borsotto\AppData\Local\Programs\WebStorm\jbr\bin\jli.dll
0x00007ffdb6f30000 - 0x00007ffdb6f4b000 	C:\Users\theo.borsotto\AppData\Local\Programs\WebStorm\jbr\bin\VCRUNTIME140.dll
0x00007ffdc24d0000 - 0x00007ffdc266d000 	C:\windows\System32\USER32.dll
0x00007ffdc0ce0000 - 0x00007ffdc0d02000 	C:\windows\System32\win32u.dll
0x00007ffdc26e0000 - 0x00007ffdc270b000 	C:\windows\System32\GDI32.dll
0x00007ffdc0a40000 - 0x00007ffdc0b5a000 	C:\windows\System32\gdi32full.dll
0x00007ffdc0c10000 - 0x00007ffdc0cad000 	C:\windows\System32\msvcp_win.dll
0x00007ffdaa7f0000 - 0x00007ffdaaa8a000 	C:\windows\WinSxS\amd64_microsoft.windows.common-controls_6595b64144ccf1df_6.0.19041.4355_none_60b8b9eb71f62e16\COMCTL32.dll
0x00007ffdc1210000 - 0x00007ffdc12ae000 	C:\windows\System32\msvcrt.dll
0x00007ffdc2b90000 - 0x00007ffdc2bbf000 	C:\windows\System32\IMM32.DLL
0x00007ffdb6f20000 - 0x00007ffdb6f2c000 	C:\Users\theo.borsotto\AppData\Local\Programs\WebStorm\jbr\bin\vcruntime140_1.dll
0x00007ffd8f030000 - 0x00007ffd8f0bd000 	C:\Users\theo.borsotto\AppData\Local\Programs\WebStorm\jbr\bin\msvcp140.dll
0x00007ffd52a90000 - 0x00007ffd53851000 	C:\Users\theo.borsotto\AppData\Local\Programs\WebStorm\jbr\bin\server\jvm.dll
0x00007ffdc1790000 - 0x00007ffdc183f000 	C:\windows\System32\ADVAPI32.dll
0x00007ffdc1170000 - 0x00007ffdc120f000 	C:\windows\System32\sechost.dll
0x00007ffdc20a0000 - 0x00007ffdc21c3000 	C:\windows\System32\RPCRT4.dll
0x00007ffdc0cb0000 - 0x00007ffdc0cd7000 	C:\windows\System32\bcrypt.dll
0x00007ffdc2670000 - 0x00007ffdc26db000 	C:\windows\System32\WS2_32.dll
0x00007ffdbf8e0000 - 0x00007ffdbf92b000 	C:\windows\SYSTEM32\POWRPROF.dll
0x00007ffdb2620000 - 0x00007ffdb2647000 	C:\windows\SYSTEM32\WINMM.dll
0x00007ffdb6dc0000 - 0x00007ffdb6dca000 	C:\windows\SYSTEM32\VERSION.dll
0x00007ffdbf750000 - 0x00007ffdbf762000 	C:\windows\SYSTEM32\UMPDC.dll
0x00007ffdbeaa0000 - 0x00007ffdbeab2000 	C:\windows\SYSTEM32\kernel.appcore.dll
0x00007ffdb6590000 - 0x00007ffdb659a000 	C:\Users\theo.borsotto\AppData\Local\Programs\WebStorm\jbr\bin\jimage.dll
0x00007ffd93160000 - 0x00007ffd93344000 	C:\windows\SYSTEM32\DBGHELP.DLL
0x00007ffd94320000 - 0x00007ffd94354000 	C:\windows\SYSTEM32\dbgcore.DLL
0x00007ffdc06e0000 - 0x00007ffdc0762000 	C:\windows\System32\bcryptPrimitives.dll
0x00007ffdb6570000 - 0x00007ffdb6590000 	C:\Users\theo.borsotto\AppData\Local\Programs\WebStorm\jbr\bin\java.dll
0x00007ffdc1910000 - 0x00007ffdc207d000 	C:\windows\System32\SHELL32.dll
0x00007ffdbdfc0000 - 0x00007ffdbe764000 	C:\windows\SYSTEM32\windows.storage.dll
0x00007ffdc27c0000 - 0x00007ffdc2b15000 	C:\windows\System32\combase.dll
0x00007ffdbfce0000 - 0x00007ffdbfd0b000 	C:\windows\SYSTEM32\Wldp.dll
0x00007ffdc21e0000 - 0x00007ffdc22ad000 	C:\windows\System32\OLEAUT32.dll
0x00007ffdc2710000 - 0x00007ffdc27bd000 	C:\windows\System32\SHCORE.dll
0x00007ffdc0f60000 - 0x00007ffdc0fb5000 	C:\windows\System32\shlwapi.dll
0x00007ffdc02c0000 - 0x00007ffdc02e5000 	C:\windows\SYSTEM32\profapi.dll
0x00007ffdb6540000 - 0x00007ffdb6550000 	C:\Users\theo.borsotto\AppData\Local\Programs\WebStorm\jbr\bin\net.dll
0x00007ffdbbad0000 - 0x00007ffdbbbda000 	C:\windows\SYSTEM32\WINHTTP.dll
0x00007ffdbfac0000 - 0x00007ffdbfb2c000 	C:\windows\system32\mswsock.dll
0x00007ffd8ef30000 - 0x00007ffd8ef46000 	C:\Users\theo.borsotto\AppData\Local\Programs\WebStorm\jbr\bin\nio.dll
0x00007ffdb6550000 - 0x00007ffdb6568000 	C:\Users\theo.borsotto\AppData\Local\Programs\WebStorm\jbr\bin\zip.dll
0x00007ffd8ed10000 - 0x00007ffd8ed1e000 	C:\Users\theo.borsotto\AppData\Local\Programs\WebStorm\jbr\bin\sunmscapi.dll
0x00007ffdc0770000 - 0x00007ffdc08cc000 	C:\windows\System32\CRYPT32.dll
0x00007ffdbfe30000 - 0x00007ffdbfe57000 	C:\windows\SYSTEM32\ncrypt.dll
0x00007ffdbfdf0000 - 0x00007ffdbfe2b000 	C:\windows\SYSTEM32\NTASN1.dll
0x00007ffdbfd20000 - 0x00007ffdbfd38000 	C:\windows\SYSTEM32\CRYPTSP.dll
0x00007ffdbf390000 - 0x00007ffdbf3c8000 	C:\windows\system32\rsaenh.dll
0x00007ffdc0240000 - 0x00007ffdc026e000 	C:\windows\SYSTEM32\USERENV.dll
0x00007ffdbfc50000 - 0x00007ffdbfc5c000 	C:\windows\SYSTEM32\CRYPTBASE.dll
0x00007ffdbf770000 - 0x00007ffdbf7ab000 	C:\windows\SYSTEM32\IPHLPAPI.DLL
0x00007ffdc2b80000 - 0x00007ffdc2b88000 	C:\windows\System32\NSI.dll
0x00007ffd7e550000 - 0x00007ffd7e557000 	C:\windows\system32\wshunix.dll
0x00007ffd8ed00000 - 0x00007ffd8ed09000 	C:\Users\theo.borsotto\AppData\Local\Programs\WebStorm\jbr\bin\extnet.dll

dbghelp: loaded successfully - version: 4.0.5 - missing functions: none
symbol engine: initialized successfully - sym options: 0x614 - pdb path: .;C:\Users\theo.borsotto\AppData\Local\Programs\WebStorm\jbr\bin;C:\windows\SYSTEM32;C:\windows\WinSxS\amd64_microsoft.windows.common-controls_6595b64144ccf1df_6.0.19041.4355_none_60b8b9eb71f62e16;C:\Users\theo.borsotto\AppData\Local\Programs\WebStorm\jbr\bin\server

VM Arguments:
java_command: git4idea.http.GitAskPassApp Username for 'http://172.16.143.240': 
java_class_path (initial): C:/Users/theo.borsotto/AppData/Local/Programs/WebStorm/plugins/vcs-git/lib/git4idea-rt.jar;C:/Users/theo.borsotto/AppData/Local/Programs/WebStorm/lib/externalProcess-rt.jar
Launcher Type: SUN_STANDARD

[Global flags]
     intx CICompilerCount                          = 4                                         {product} {ergonomic}
     uint ConcGCThreads                            = 2                                         {product} {ergonomic}
     uint G1ConcRefinementThreads                  = 8                                         {product} {ergonomic}
   size_t G1HeapRegionSize                         = 2097152                                   {product} {ergonomic}
    uintx GCDrainStackTargetSize                   = 64                                        {product} {ergonomic}
   size_t InitialHeapSize                          = 264241152                                 {product} {ergonomic}
   size_t MarkStackSize                            = 4194304                                   {product} {ergonomic}
   size_t MaxHeapSize                              = 4208984064                                {product} {ergonomic}
   size_t MaxNewSize                               = 2524971008                                {product} {ergonomic}
   size_t MinHeapDeltaBytes                        = 2097152                                   {product} {ergonomic}
   size_t MinHeapSize                              = 8388608                                   {product} {ergonomic}
    uintx NonNMethodCodeHeapSize                   = 5839372                                {pd product} {ergonomic}
    uintx NonProfiledCodeHeapSize                  = 122909434                              {pd product} {ergonomic}
    uintx ProfiledCodeHeapSize                     = 122909434                              {pd product} {ergonomic}
    uintx ReservedCodeCacheSize                    = 251658240                              {pd product} {ergonomic}
     bool SegmentedCodeCache                       = true                                      {product} {ergonomic}
   size_t SoftMaxHeapSize                          = 4208984064                             {manageable} {ergonomic}
     bool UseCompressedOops                        = true                           {product lp64_product} {ergonomic}
     bool UseG1GC                                  = true                                      {product} {ergonomic}
     bool UseLargePagesIndividualAllocation        = false                                  {pd product} {ergonomic}

Logging:
Log output configuration:
 #0: stdout all=warning uptime,level,tags foldmultilines=false
 #1: stderr all=off uptime,level,tags foldmultilines=false

Environment Variables:
PATH=C:/Users/theo.borsotto/AppData/Local/Programs/Git/mingw64/libexec/git-core;C:/Users/theo.borsotto/AppData/Local/Programs/Git/mingw64/libexec/git-core;C:\Users\theo.borsotto\AppData\Local\Programs\Git\mingw64\bin;C:\Users\theo.borsotto\AppData\Local\Programs\Git\usr\bin;C:\Users\theo.borsotto\bin;C:\Program Files (x86)\Common Files\Oracle\Java\java8path;C:\Program Files (x86)\Common Files\Oracle\Java\javapath;C:\windows\system32;C:\windows;C:\windows\System32\Wbem;C:\windows\System32\WindowsPowerShell\v1.0\;C:\windows\System32\OpenSSH\;C:\Program Files\Microsoft SQL Server\Client SDK\ODBC\130\Tools\Binn\;C:\Program Files (x86)\Microsoft SQL Server\140\Tools\Binn\;C:\Program Files\Microsoft SQL Server\140\Tools\Binn\;C:\Program Files\Microsoft SQL Server\140\DTS\Binn\;C:\Program Files (x86)\Microsoft SQL Server\Client SDK\ODBC\130\Tools\Binn\;C:\Program Files (x86)\Microsoft SQL Server\140\DTS\Binn\;C:\Program Files (x86)\Microsoft SQL Server\140\Tools\Binn\ManagementStudio\;C:\Program Files (x86)\UpdatEngine client;C:\Users\theo.borsotto\AppData\Local\Microsoft\WindowsApps;C:\Users\theo.borsotto\AppData\Local\JetBrains\Toolbox\scripts;C:\Users\theo.borsotto\AppData\Local\Programs\Git\cmd;D:\exe\node-v22.13.1-win-x64\
USERNAME=theo.borsotto
DISPLAY=:0.0
LC_ALL=en_US.UTF-8
TERM=xterm-256color
TMPDIR=C:\Users\THEO~1.BOR\AppData\Local\Temp
OS=Windows_NT
PROCESSOR_IDENTIFIER=Intel64 Family 6 Model 151 Stepping 5, GenuineIntel
TMP=C:\Users\THEO~1.BOR\AppData\Local\Temp
TEMP=C:\Users\THEO~1.BOR\AppData\Local\Temp




Periodic native trim disabled

JNI global refs:
JNI global refs: 20, weak refs: 0

JNI global refs memory usage: 835, weak refs: 833

Process memory usage:
Resident Set Size: 76392K (0% of 16438772K total physical memory with 305624K free physical memory)

OOME stack traces (most recent first):
Classloader memory used:
Loader bootstrap                                                                       : 7229K
Loader jdk.internal.loader.ClassLoaders$PlatformClassLoader                            : 1901K
Loader jdk.internal.loader.ClassLoaders$AppClassLoader                                 : 16448B

---------------  S Y S T E M  ---------------

OS:
 Windows 10 , 64 bit Build 19041 (10.0.19041.5438)
OS uptime: 0 days 2:03 hours
Hyper-V role detected

CPU: total 8 (initial active 8) (4 cores per cpu, 2 threads per core) family 6 model 151 stepping 5 microcode 0x2e, cx8, cmov, fxsr, ht, mmx, 3dnowpref, sse, sse2, sse3, ssse3, sse4.1, sse4.2, popcnt, lzcnt, tsc, tscinvbit, avx, avx2, aes, erms, clmul, bmi1, bmi2, adx, sha, fma, vzeroupper, clflush, clflushopt, clwb, hv, rdtscp, rdpid, fsrm, f16c, cet_ibt, cet_ss
Processor Information for the first 8 processors :
  Max Mhz: 2200, Current Mhz: 2200, Mhz Limit: 2200

Memory: 4k page, system-wide physical 16053M (299M free)
TotalPageFile size 65205M (AvailPageFile size 2M)
current process WorkingSet (physical memory assigned to process): 74M, peak: 74M
current process commit charge ("private bytes"): 353M, peak: 355M

vm_info: OpenJDK 64-Bit Server VM (21.0.6+8-b631.39) for windows-amd64 JRE (21.0.6+8-b631.39), built on 2025-02-04 by "builduser" with MS VC++ 16.10 / 16.11 (VS2019)

END.
